[35m[Appium][39m Welcome to Appium v1.21.0
[35m[Appium][39m Non-default server args:
[35m[Appium][39m   port: 58532
[35m[Appium][39m   loglevel: info
[35m[Appium][39m   tmpDir: /var/folders/pj/tdgwyxh90y759nk534c9prjc0000gn/T//Katalon/Appium/Temp1678981434441
[35m[Appium][39m   chromedriverPort: 58533
[35m[Appium][39m Deprecated server args:
[35m[Appium][39m   [31m--chromedriver-port[39m => --default-capabilities
[35m[Appium][39m Default capabilities, which will be added to each request unless overridden by desired capabilities:
[35m[Appium][39m   chromedriverPort: 58533
[35m[Appium][39m Appium REST http interface listener started on 0.0.0.0:58532
[35m[HTTP][39m [37m-->[39m [37mGET[39m [37m/wd/hub/status[39m
[35m[HTTP][39m [90m{}[39m
[35m[HTTP][39m [37m<-- GET /wd/hub/status [39m[32m200[39m [90m71 ms - 68[39m
[35m[HTTP][39m [90m[39m
[35m[HTTP][39m [37m-->[39m [37mGET[39m [37m/wd/hub/status[39m
[35m[HTTP][39m [90m{}[39m
[35m[HTTP][39m [37m<-- GET /wd/hub/status [39m[32m200[39m [90m1 ms - 68[39m
[35m[HTTP][39m [90m[39m
[35m[HTTP][39m [37m-->[39m [37mPOST[39m [37m/wd/hub/session[39m
[35m[HTTP][39m [90m{"desiredCapabilities":{"appActivity":".Settings","appPackage":"com.android.settings","newCommandTimeout":1800,"platformVersion":"11","automationName":"uiautomator2","autoGrantPermissions":true,"platformName":"Android","udid":"R5CR704KXSR","deviceName":"samsung SM-G998B (Android 11)","platform":"ANDROID","systemPort":8280},"capabilities":{"firstMatch":[{"appium:appActivity":".Settings","appium:appPackage":"com.android.settings","appium:autoGrantPermissions":true,"appium:automationName":"uiautomator2","appium:deviceName":"samsung SM-G998B (Android 11)","appium:newCommandTimeout":1800,"platform":"ANDROID","platformName":"android","appium:platformVersion":"11","appium:systemPort":8280,"appium:udid":"R5CR704KXSR"}]}}[39m
[35m[BaseDriver][39m The following capabilities are not standard capabilities and should have an extension prefix:
[35m[BaseDriver][39m   platform
[35m[BaseDriver][39m   chromedriverPort
[35m[Appium][39m Appium v1.21.0 creating new AndroidUiautomator2Driver (v1.65.0) session
[35m[BaseDriver][39m The following capabilities were provided, but are not recognized by Appium:
[35m[BaseDriver][39m   platform
[35m[BaseDriver][39m Session created with session id: a82e7503-b0a2-4592-a2c6-392ec55e5796
[35m[UiAutomator2][39m Starting 'com.android.settings' directly on the device
[35m[ADB][39m Found 1 'build-tools' folders under '/Users/mosaj/.katalon/tools/android_sdk' (newest first):
[35m[ADB][39m     /Users/mosaj/.katalon/tools/android_sdk/build-tools/29.0.3
[35m[ADB][39m Using 'adb' from '/Users/mosaj/.katalon/tools/android_sdk/platform-tools/adb'
[35m[AndroidDriver][39m Retrieving device list
[35m[AndroidDriver][39m Using device: R5CR704KXSR
[35m[ADB][39m Using 'adb' from '/Users/mosaj/.katalon/tools/android_sdk/platform-tools/adb'
[35m[ADB][39m Getting device platform version
[35m[UiAutomator2][39m Relaxing hidden api policy
[35m[AndroidDriver][39m No app sent in, not parsing package/activity
[35m[ADB][39m Using 'apksigner.jar' from '/Users/mosaj/.katalon/tools/android_sdk/build-tools/29.0.3/lib/apksigner.jar'
[35m[ADB][39m '/usr/local/lib/node_modules/appium/node_modules/appium-uiautomator2-server/apks/appium-uiautomator2-server-v4.21.1.apk' is signed with the default certificate
[35m[ADB][39m '/usr/local/lib/node_modules/appium/node_modules/appium-uiautomator2-server/apks/appium-uiautomator2-server-debug-androidTest.apk' is signed with the default certificate
[35m[UiAutomator2][39m Server packages are not going to be (re)installed
[35m[ADB][39m Adding packages ["io.appium.settings","io.appium.uiautomator2.server","io.appium.uiautomator2.server.test"] to Doze whitelist
[35m[UiAutomator2][39m Starting UIAutomator2 server 4.21.1
[35m[UiAutomator2][39m Using UIAutomator2 server from '/usr/local/lib/node_modules/appium/node_modules/appium-uiautomator2-server/apks/appium-uiautomator2-server-v4.21.1.apk' and test from '/usr/local/lib/node_modules/appium/node_modules/appium-uiautomator2-server/apks/appium-uiautomator2-server-debug-androidTest.apk'
[35m[UiAutomator2][39m Waiting up to 30000ms for UiAutomator2 to be online...
[35m[WD Proxy][39m socket hang up
[35m[WD Proxy][39m socket hang up
[35m[WD Proxy][39m Determined the downstream protocol as 'W3C'
[35m[AndroidDriver][39m Screen already unlocked, doing nothing
[35m[UiAutomator2][39m Starting 'com.android.settings/.Settings and waiting for 'com.android.settings/.Settings'
[35m[Appium][39m New AndroidUiautomator2Driver session created successfully, session a82e7503-b0a2-4592-a2c6-392ec55e5796 added to master session list
[35m[HTTP][39m [37m<-- POST /wd/hub/session [39m[32m200[39m [90m7314 ms - 1159[39m
[35m[HTTP][39m [90m[39m
[35m[HTTP][39m [37m-->[39m [37mGET[39m [37m/wd/hub/session/a82e7503-b0a2-4592-a2c6-392ec55e5796[39m
[35m[HTTP][39m [90m{}[39m
[35m[HTTP][39m [37m<-- GET /wd/hub/session/a82e7503-b0a2-4592-a2c6-392ec55e5796 [39m[32m200[39m [90m9 ms - 1113[39m
[35m[HTTP][39m [90m[39m
[35m[HTTP][39m [37m-->[39m [37mGET[39m [37m/wd/hub/session/a82e7503-b0a2-4592-a2c6-392ec55e5796[39m
[35m[HTTP][39m [90m{}[39m
[35m[HTTP][39m [37m<-- GET /wd/hub/session/a82e7503-b0a2-4592-a2c6-392ec55e5796 [39m[32m200[39m [90m6 ms - 1113[39m
[35m[HTTP][39m [90m[39m
[35m[HTTP][39m [37m-->[39m [37mGET[39m [37m/wd/hub/status[39m
[35m[HTTP][39m [90m{}[39m
[35m[HTTP][39m [37m<-- GET /wd/hub/status [39m[32m200[39m [90m1 ms - 68[39m
[35m[HTTP][39m [90m[39m
[35m[HTTP][39m [37m-->[39m [37mPOST[39m [37m/wd/hub/session/a82e7503-b0a2-4592-a2c6-392ec55e5796/timeouts[39m
[35m[HTTP][39m [90m{"implicit":60000}[39m
[35m[HTTP][39m [37m<-- POST /wd/hub/session/a82e7503-b0a2-4592-a2c6-392ec55e5796/timeouts [39m[32m200[39m [90m8 ms - 14[39m
[35m[HTTP][39m [90m[39m
[35m[HTTP][39m [37m-->[39m [37mGET[39m [37m/wd/hub/session/a82e7503-b0a2-4592-a2c6-392ec55e5796/screenshot[39m
[35m[HTTP][39m [90m{}[39m
[35m[HTTP][39m [37m<-- GET /wd/hub/session/a82e7503-b0a2-4592-a2c6-392ec55e5796/screenshot [39m[32m200[39m [90m311 ms - 243914[39m
[35m[HTTP][39m [90m[39m
[35m[HTTP][39m [37m-->[39m [37mGET[39m [37m/wd/hub/session/a82e7503-b0a2-4592-a2c6-392ec55e5796/window/rect[39m
[35m[HTTP][39m [90m{}[39m
[35m[HTTP][39m [37m<-- GET /wd/hub/session/a82e7503-b0a2-4592-a2c6-392ec55e5796/window/rect [39m[32m200[39m [90m24 ms - 50[39m
[35m[HTTP][39m [90m[39m
[35m[HTTP][39m [37m-->[39m [37mGET[39m [37m/wd/hub/session/a82e7503-b0a2-4592-a2c6-392ec55e5796/appium/device/system_bars[39m
[35m[HTTP][39m [90m{}[39m
[35m[HTTP][39m [37m<-- GET /wd/hub/session/a82e7503-b0a2-4592-a2c6-392ec55e5796/appium/device/system_bars [39m[32m200[39m [90m82 ms - 148[39m
[35m[HTTP][39m [90m[39m
[35m[HTTP][39m [37m-->[39m [37mPOST[39m [37m/wd/hub/session/a82e7503-b0a2-4592-a2c6-392ec55e5796/appium/device/activate_app[39m
[35m[HTTP][39m [90m{"bundleId":"my.com.time.selfcare.app"}[39m
[35m[HTTP][39m [37m<-- POST /wd/hub/session/a82e7503-b0a2-4592-a2c6-392ec55e5796/appium/device/activate_app [39m[32m200[39m [90m341 ms - 14[39m
[35m[HTTP][39m [90m[39m
[35m[HTTP][39m [37m-->[39m [37mGET[39m [37m/wd/hub/session/a82e7503-b0a2-4592-a2c6-392ec55e5796/source[39m
[35m[HTTP][39m [90m{}[39m
[35m[W3C (a82e7503)][39m Driver proxy active, passing request on via HTTP proxy
[35m[WD Proxy][39m Replacing sessionId 231e0936-2a61-47b5-af59-72b35659eb90 with a82e7503-b0a2-4592-a2c6-392ec55e5796
[35m[HTTP][39m [37m<-- GET /wd/hub/session/a82e7503-b0a2-4592-a2c6-392ec55e5796/source [39m[32m200[39m [90m1202 ms - 3681[39m
[35m[HTTP][39m [90m[39m
[35m[HTTP][39m [37m-->[39m [37mGET[39m [37m/wd/hub/session/a82e7503-b0a2-4592-a2c6-392ec55e5796/screenshot[39m
[35m[HTTP][39m [90m{}[39m
[35m[HTTP][39m [37m<-- GET /wd/hub/session/a82e7503-b0a2-4592-a2c6-392ec55e5796/screenshot [39m[32m200[39m [90m223 ms - 59568[39m
[35m[HTTP][39m [90m[39m
[35m[HTTP][39m [37m-->[39m [37mGET[39m [37m/wd/hub/session/a82e7503-b0a2-4592-a2c6-392ec55e5796/source[39m
[35m[HTTP][39m [90m{}[39m
[35m[W3C (a82e7503)][39m Driver proxy active, passing request on via HTTP proxy
[35m[WD Proxy][39m Replacing sessionId 231e0936-2a61-47b5-af59-72b35659eb90 with a82e7503-b0a2-4592-a2c6-392ec55e5796
[35m[HTTP][39m [37m<-- GET /wd/hub/session/a82e7503-b0a2-4592-a2c6-392ec55e5796/source [39m[32m200[39m [90m452 ms - 31332[39m
[35m[HTTP][39m [90m[39m
[35m[HTTP][39m [37m-->[39m [37mGET[39m [37m/wd/hub/session/a82e7503-b0a2-4592-a2c6-392ec55e5796/screenshot[39m
[35m[HTTP][39m [90m{}[39m
[35m[HTTP][39m [37m<-- GET /wd/hub/session/a82e7503-b0a2-4592-a2c6-392ec55e5796/screenshot [39m[32m200[39m [90m433 ms - 370308[39m
[35m[HTTP][39m [90m[39m
[35m[HTTP][39m [37m-->[39m [37mGET[39m [37m/wd/hub/session/a82e7503-b0a2-4592-a2c6-392ec55e5796/screenshot[39m
[35m[HTTP][39m [90m{}[39m
[35m[HTTP][39m [37m<-- GET /wd/hub/session/a82e7503-b0a2-4592-a2c6-392ec55e5796/screenshot [39m[32m200[39m [90m459 ms - 370308[39m
[35m[HTTP][39m [90m[39m
[35m[HTTP][39m [37m-->[39m [37mGET[39m [37m/wd/hub/session/a82e7503-b0a2-4592-a2c6-392ec55e5796/source[39m
[35m[HTTP][39m [90m{}[39m
[35m[W3C (a82e7503)][39m Driver proxy active, passing request on via HTTP proxy
[35m[WD Proxy][39m Replacing sessionId 231e0936-2a61-47b5-af59-72b35659eb90 with a82e7503-b0a2-4592-a2c6-392ec55e5796
[35m[HTTP][39m [37m<-- GET /wd/hub/session/a82e7503-b0a2-4592-a2c6-392ec55e5796/source [39m[32m200[39m [90m358 ms - 31332[39m
[35m[HTTP][39m [90m[39m
[35m[HTTP][39m [37m-->[39m [37mGET[39m [37m/wd/hub/session/a82e7503-b0a2-4592-a2c6-392ec55e5796/screenshot[39m
[35m[HTTP][39m [90m{}[39m
[35m[HTTP][39m [37m<-- GET /wd/hub/session/a82e7503-b0a2-4592-a2c6-392ec55e5796/screenshot [39m[32m200[39m [90m427 ms - 370308[39m
[35m[HTTP][39m [90m[39m
[35m[HTTP][39m [37m-->[39m [37mPOST[39m [37m/wd/hub/session/a82e7503-b0a2-4592-a2c6-392ec55e5796/elements[39m
[35m[HTTP][39m [90m{"using":"xpath","value":"//*[@class = 'android.widget.TextView' and (@text = '500Mbps Plan' or . = '500Mbps Plan') and @resource-id = 'my.com.time.selfcare.app:id/serviceNameTextView']"}[39m
[35m[HTTP][39m [37m<-- POST /wd/hub/session/a82e7503-b0a2-4592-a2c6-392ec55e5796/elements [39m[32m200[39m [90m338 ms - 139[39m
[35m[HTTP][39m [90m[39m
[35m[HTTP][39m [37m-->[39m [37mGET[39m [37m/wd/hub/session/a82e7503-b0a2-4592-a2c6-392ec55e5796/window/rect[39m
[35m[HTTP][39m [90m{}[39m
[35m[HTTP][39m [37m<-- GET /wd/hub/session/a82e7503-b0a2-4592-a2c6-392ec55e5796/window/rect [39m[32m200[39m [90m21 ms - 50[39m
[35m[HTTP][39m [90m[39m
[35m[HTTP][39m [37m-->[39m [37mPOST[39m [37m/wd/hub/session/a82e7503-b0a2-4592-a2c6-392ec55e5796/elements[39m
[35m[HTTP][39m [90m{"using":"xpath","value":"//*[@class = 'android.widget.TextView' and (@text = '500Mbps Plan' or . = '500Mbps Plan') and @resource-id = 'my.com.time.selfcare.app:id/serviceNameTextView']"}[39m
[35m[HTTP][39m [37m<-- POST /wd/hub/session/a82e7503-b0a2-4592-a2c6-392ec55e5796/elements [39m[32m200[39m [90m201 ms - 139[39m
[35m[HTTP][39m [90m[39m
[35m[HTTP][39m [37m-->[39m [37mGET[39m [37m/wd/hub/session/a82e7503-b0a2-4592-a2c6-392ec55e5796/element/6e708138-6176-4ec3-9499-89d52c8102e3/location[39m
[35m[HTTP][39m [90m{}[39m
[35m[W3C (a82e7503)][39m Driver proxy active, passing request on via HTTP proxy
[35m[WD Proxy][39m Replacing sessionId 231e0936-2a61-47b5-af59-72b35659eb90 with a82e7503-b0a2-4592-a2c6-392ec55e5796
[35m[HTTP][39m [37m<-- GET /wd/hub/session/a82e7503-b0a2-4592-a2c6-392ec55e5796/element/6e708138-6176-4ec3-9499-89d52c8102e3/location [39m[32m200[39m [90m41 ms - 78[39m
[35m[HTTP][39m [90m[39m
[35m[HTTP][39m [37m-->[39m [37mGET[39m [37m/wd/hub/session/a82e7503-b0a2-4592-a2c6-392ec55e5796/element/6e708138-6176-4ec3-9499-89d52c8102e3/text[39m
[35m[HTTP][39m [90m{}[39m
[35m[W3C (a82e7503)][39m Driver proxy active, passing request on via HTTP proxy
[35m[WD Proxy][39m Replacing sessionId 231e0936-2a61-47b5-af59-72b35659eb90 with a82e7503-b0a2-4592-a2c6-392ec55e5796
[35m[HTTP][39m [37m<-- GET /wd/hub/session/a82e7503-b0a2-4592-a2c6-392ec55e5796/element/6e708138-6176-4ec3-9499-89d52c8102e3/text [39m[32m200[39m [90m30 ms - 75[39m
[35m[HTTP][39m [90m[39m
[35m[HTTP][39m [37m-->[39m [37mGET[39m [37m/wd/hub/session/a82e7503-b0a2-4592-a2c6-392ec55e5796/source[39m
[35m[HTTP][39m [90m{}[39m
[35m[W3C (a82e7503)][39m Driver proxy active, passing request on via HTTP proxy
[35m[WD Proxy][39m Replacing sessionId 231e0936-2a61-47b5-af59-72b35659eb90 with a82e7503-b0a2-4592-a2c6-392ec55e5796
[35m[HTTP][39m [37m<-- GET /wd/hub/session/a82e7503-b0a2-4592-a2c6-392ec55e5796/source [39m[32m200[39m [90m211 ms - 31332[39m
[35m[HTTP][39m [90m[39m
[35m[HTTP][39m [37m-->[39m [37mGET[39m [37m/wd/hub/session/a82e7503-b0a2-4592-a2c6-392ec55e5796/screenshot[39m
[35m[HTTP][39m [90m{}[39m
[35m[HTTP][39m [37m<-- GET /wd/hub/session/a82e7503-b0a2-4592-a2c6-392ec55e5796/screenshot [39m[32m200[39m [90m404 ms - 370308[39m
[35m[HTTP][39m [90m[39m
[35m[HTTP][39m [37m-->[39m [37mPOST[39m [37m/wd/hub/session/a82e7503-b0a2-4592-a2c6-392ec55e5796/elements[39m
[35m[HTTP][39m [90m{"using":"xpath","value":"//*[@class = 'android.widget.Button' and (@text = 'PAY BILL' or . = 'PAY BILL') and @resource-id = 'my.com.time.selfcare.app:id/payButton']"}[39m
[35m[HTTP][39m [37m<-- POST /wd/hub/session/a82e7503-b0a2-4592-a2c6-392ec55e5796/elements [39m[32m200[39m [90m212 ms - 139[39m
[35m[HTTP][39m [90m[39m
[35m[HTTP][39m [37m-->[39m [37mGET[39m [37m/wd/hub/session/a82e7503-b0a2-4592-a2c6-392ec55e5796/window/rect[39m
[35m[HTTP][39m [90m{}[39m
[35m[HTTP][39m [37m<-- GET /wd/hub/session/a82e7503-b0a2-4592-a2c6-392ec55e5796/window/rect [39m[32m200[39m [90m21 ms - 50[39m
[35m[HTTP][39m [90m[39m
[35m[HTTP][39m [37m-->[39m [37mPOST[39m [37m/wd/hub/session/a82e7503-b0a2-4592-a2c6-392ec55e5796/elements[39m
[35m[HTTP][39m [90m{"using":"xpath","value":"//*[@class = 'android.widget.Button' and (@text = 'PAY BILL' or . = 'PAY BILL') and @resource-id = 'my.com.time.selfcare.app:id/payButton']"}[39m
[35m[HTTP][39m [37m<-- POST /wd/hub/session/a82e7503-b0a2-4592-a2c6-392ec55e5796/elements [39m[32m200[39m [90m183 ms - 139[39m
[35m[HTTP][39m [90m[39m
[35m[HTTP][39m [37m-->[39m [37mGET[39m [37m/wd/hub/session/a82e7503-b0a2-4592-a2c6-392ec55e5796/element/8d94f52d-87eb-4ec3-a051-8dafc5bc6af8/location[39m
[35m[HTTP][39m [90m{}[39m
[35m[W3C (a82e7503)][39m Driver proxy active, passing request on via HTTP proxy
[35m[WD Proxy][39m Replacing sessionId 231e0936-2a61-47b5-af59-72b35659eb90 with a82e7503-b0a2-4592-a2c6-392ec55e5796
[35m[HTTP][39m [37m<-- GET /wd/hub/session/a82e7503-b0a2-4592-a2c6-392ec55e5796/element/8d94f52d-87eb-4ec3-a051-8dafc5bc6af8/location [39m[32m200[39m [90m41 ms - 78[39m
[35m[HTTP][39m [90m[39m
[35m[HTTP][39m [37m-->[39m [37mPOST[39m [37m/wd/hub/session/a82e7503-b0a2-4592-a2c6-392ec55e5796/element/8d94f52d-87eb-4ec3-a051-8dafc5bc6af8/click[39m
[35m[HTTP][39m [90m{"id":"8d94f52d-87eb-4ec3-a051-8dafc5bc6af8"}[39m
[35m[HTTP][39m [37m<-- POST /wd/hub/session/a82e7503-b0a2-4592-a2c6-392ec55e5796/element/8d94f52d-87eb-4ec3-a051-8dafc5bc6af8/click [39m[32m200[39m [90m675 ms - 14[39m
[35m[HTTP][39m [90m[39m
[35m[HTTP][39m [37m-->[39m [37mGET[39m [37m/wd/hub/session/a82e7503-b0a2-4592-a2c6-392ec55e5796/source[39m
[35m[HTTP][39m [90m{}[39m
[35m[W3C (a82e7503)][39m Driver proxy active, passing request on via HTTP proxy
[35m[WD Proxy][39m Replacing sessionId 231e0936-2a61-47b5-af59-72b35659eb90 with a82e7503-b0a2-4592-a2c6-392ec55e5796
[35m[HTTP][39m [37m<-- GET /wd/hub/session/a82e7503-b0a2-4592-a2c6-392ec55e5796/source [39m[32m200[39m [90m71 ms - 4624[39m
[35m[HTTP][39m [90m[39m
[35m[HTTP][39m [37m-->[39m [37mGET[39m [37m/wd/hub/session/a82e7503-b0a2-4592-a2c6-392ec55e5796/screenshot[39m
[35m[HTTP][39m [90m{}[39m
[35m[HTTP][39m [37m<-- GET /wd/hub/session/a82e7503-b0a2-4592-a2c6-392ec55e5796/screenshot [39m[32m200[39m [90m359 ms - 329714[39m
[35m[HTTP][39m [90m[39m
[35m[HTTP][39m [37m-->[39m [37mPOST[39m [37m/wd/hub/session/a82e7503-b0a2-4592-a2c6-392ec55e5796/elements[39m
[35m[HTTP][39m [90m{"using":"xpath","value":"//*[@class = 'android.widget.ImageView' and @resource-id = 'my.com.time.selfcare.app:id/ivClose' and (@text = '' or . = '')]"}[39m
[35m[HTTP][39m [37m<-- POST /wd/hub/session/a82e7503-b0a2-4592-a2c6-392ec55e5796/elements [39m[32m200[39m [90m86 ms - 139[39m
[35m[HTTP][39m [90m[39m
[35m[HTTP][39m [37m-->[39m [37mGET[39m [37m/wd/hub/session/a82e7503-b0a2-4592-a2c6-392ec55e5796/window/rect[39m
[35m[HTTP][39m [90m{}[39m
[35m[HTTP][39m [37m<-- GET /wd/hub/session/a82e7503-b0a2-4592-a2c6-392ec55e5796/window/rect [39m[32m200[39m [90m20 ms - 50[39m
[35m[HTTP][39m [90m[39m
[35m[HTTP][39m [37m-->[39m [37mPOST[39m [37m/wd/hub/session/a82e7503-b0a2-4592-a2c6-392ec55e5796/elements[39m
[35m[HTTP][39m [90m{"using":"xpath","value":"//*[@class = 'android.widget.ImageView' and @resource-id = 'my.com.time.selfcare.app:id/ivClose' and (@text = '' or . = '')]"}[39m
[35m[HTTP][39m [37m<-- POST /wd/hub/session/a82e7503-b0a2-4592-a2c6-392ec55e5796/elements [39m[32m200[39m [90m66 ms - 139[39m
[35m[HTTP][39m [90m[39m
[35m[HTTP][39m [37m-->[39m [37mGET[39m [37m/wd/hub/session/a82e7503-b0a2-4592-a2c6-392ec55e5796/element/821e86d1-c8d7-4675-8052-2ff355cdbddf/location[39m
[35m[HTTP][39m [90m{}[39m
[35m[W3C (a82e7503)][39m Driver proxy active, passing request on via HTTP proxy
[35m[WD Proxy][39m Replacing sessionId 231e0936-2a61-47b5-af59-72b35659eb90 with a82e7503-b0a2-4592-a2c6-392ec55e5796
[35m[HTTP][39m [37m<-- GET /wd/hub/session/a82e7503-b0a2-4592-a2c6-392ec55e5796/element/821e86d1-c8d7-4675-8052-2ff355cdbddf/location [39m[32m200[39m [90m35 ms - 78[39m
[35m[HTTP][39m [90m[39m
[35m[HTTP][39m [37m-->[39m [37mPOST[39m [37m/wd/hub/session/a82e7503-b0a2-4592-a2c6-392ec55e5796/element/821e86d1-c8d7-4675-8052-2ff355cdbddf/click[39m
[35m[HTTP][39m [90m{"id":"821e86d1-c8d7-4675-8052-2ff355cdbddf"}[39m
[35m[HTTP][39m [37m<-- POST /wd/hub/session/a82e7503-b0a2-4592-a2c6-392ec55e5796/element/821e86d1-c8d7-4675-8052-2ff355cdbddf/click [39m[32m200[39m [90m95 ms - 14[39m
[35m[HTTP][39m [90m[39m
[35m[HTTP][39m [37m-->[39m [37mGET[39m [37m/wd/hub/session/a82e7503-b0a2-4592-a2c6-392ec55e5796/source[39m
[35m[HTTP][39m [90m{}[39m
[35m[W3C (a82e7503)][39m Driver proxy active, passing request on via HTTP proxy
[35m[WD Proxy][39m Replacing sessionId 231e0936-2a61-47b5-af59-72b35659eb90 with a82e7503-b0a2-4592-a2c6-392ec55e5796
[35m[HTTP][39m [37m<-- GET /wd/hub/session/a82e7503-b0a2-4592-a2c6-392ec55e5796/source [39m[32m200[39m [90m226 ms - 31332[39m
[35m[HTTP][39m [90m[39m
[35m[HTTP][39m [37m-->[39m [37mGET[39m [37m/wd/hub/session/a82e7503-b0a2-4592-a2c6-392ec55e5796/screenshot[39m
[35m[HTTP][39m [90m{}[39m
[35m[HTTP][39m [37m<-- GET /wd/hub/session/a82e7503-b0a2-4592-a2c6-392ec55e5796/screenshot [39m[32m200[39m [90m353 ms - 371146[39m
[35m[HTTP][39m [90m[39m
[35m[HTTP][39m [37m-->[39m [37mPOST[39m [37m/wd/hub/session/a82e7503-b0a2-4592-a2c6-392ec55e5796/elements[39m
[35m[HTTP][39m [90m{"using":"xpath","value":"//*[@class = 'android.widget.TextView' and (@text = 'Bills' or . = 'Bills') and @resource-id = 'my.com.time.selfcare.app:id/tvBills']"}[39m
[35m[HTTP][39m [37m<-- POST /wd/hub/session/a82e7503-b0a2-4592-a2c6-392ec55e5796/elements [39m[32m200[39m [90m155 ms - 139[39m
[35m[HTTP][39m [90m[39m
[35m[HTTP][39m [37m-->[39m [37mGET[39m [37m/wd/hub/session/a82e7503-b0a2-4592-a2c6-392ec55e5796/window/rect[39m
[35m[HTTP][39m [90m{}[39m
[35m[HTTP][39m [37m<-- GET /wd/hub/session/a82e7503-b0a2-4592-a2c6-392ec55e5796/window/rect [39m[32m200[39m [90m17 ms - 50[39m
[35m[HTTP][39m [90m[39m
[35m[HTTP][39m [37m-->[39m [37mPOST[39m [37m/wd/hub/session/a82e7503-b0a2-4592-a2c6-392ec55e5796/elements[39m
[35m[HTTP][39m [90m{"using":"xpath","value":"//*[@class = 'android.widget.TextView' and (@text = 'Bills' or . = 'Bills') and @resource-id = 'my.com.time.selfcare.app:id/tvBills']"}[39m
[35m[HTTP][39m [37m<-- POST /wd/hub/session/a82e7503-b0a2-4592-a2c6-392ec55e5796/elements [39m[32m200[39m [90m138 ms - 139[39m
[35m[HTTP][39m [90m[39m
[35m[HTTP][39m [37m-->[39m [37mGET[39m [37m/wd/hub/session/a82e7503-b0a2-4592-a2c6-392ec55e5796/element/36feb095-b0ad-48cd-baa3-3be736c61c23/location[39m
[35m[HTTP][39m [90m{}[39m
[35m[W3C (a82e7503)][39m Driver proxy active, passing request on via HTTP proxy
[35m[WD Proxy][39m Replacing sessionId 231e0936-2a61-47b5-af59-72b35659eb90 with a82e7503-b0a2-4592-a2c6-392ec55e5796
[35m[HTTP][39m [37m<-- GET /wd/hub/session/a82e7503-b0a2-4592-a2c6-392ec55e5796/element/36feb095-b0ad-48cd-baa3-3be736c61c23/location [39m[32m200[39m [90m35 ms - 79[39m
[35m[HTTP][39m [90m[39m
[35m[HTTP][39m [37m-->[39m [37mGET[39m [37m/wd/hub/session/a82e7503-b0a2-4592-a2c6-392ec55e5796/element/36feb095-b0ad-48cd-baa3-3be736c61c23/text[39m
[35m[HTTP][39m [90m{}[39m
[35m[W3C (a82e7503)][39m Driver proxy active, passing request on via HTTP proxy
[35m[WD Proxy][39m Replacing sessionId 231e0936-2a61-47b5-af59-72b35659eb90 with a82e7503-b0a2-4592-a2c6-392ec55e5796
[35m[HTTP][39m [37m<-- GET /wd/hub/session/a82e7503-b0a2-4592-a2c6-392ec55e5796/element/36feb095-b0ad-48cd-baa3-3be736c61c23/text [39m[32m200[39m [90m38 ms - 68[39m
[35m[HTTP][39m [90m[39m
[35m[HTTP][39m [37m-->[39m [37mGET[39m [37m/wd/hub/session/a82e7503-b0a2-4592-a2c6-392ec55e5796/source[39m
[35m[HTTP][39m [90m{}[39m
[35m[W3C (a82e7503)][39m Driver proxy active, passing request on via HTTP proxy
[35m[WD Proxy][39m Replacing sessionId 231e0936-2a61-47b5-af59-72b35659eb90 with a82e7503-b0a2-4592-a2c6-392ec55e5796
[35m[HTTP][39m [37m<-- GET /wd/hub/session/a82e7503-b0a2-4592-a2c6-392ec55e5796/source [39m[32m200[39m [90m218 ms - 31332[39m
[35m[HTTP][39m [90m[39m
[35m[HTTP][39m [37m-->[39m [37mGET[39m [37m/wd/hub/session/a82e7503-b0a2-4592-a2c6-392ec55e5796/screenshot[39m
[35m[HTTP][39m [90m{}[39m
[35m[HTTP][39m [37m<-- GET /wd/hub/session/a82e7503-b0a2-4592-a2c6-392ec55e5796/screenshot [39m[32m200[39m [90m353 ms - 371146[39m
[35m[HTTP][39m [90m[39m
[35m[HTTP][39m [37m-->[39m [37mPOST[39m [37m/wd/hub/session/a82e7503-b0a2-4592-a2c6-392ec55e5796/elements[39m
[35m[HTTP][39m [90m{"using":"xpath","value":"//*[@class = 'android.widget.TextView' and (@text = 'Bills' or . = 'Bills') and @resource-id = 'my.com.time.selfcare.app:id/tvBills']"}[39m
[35m[HTTP][39m [37m<-- POST /wd/hub/session/a82e7503-b0a2-4592-a2c6-392ec55e5796/elements [39m[32m200[39m [90m156 ms - 139[39m
[35m[HTTP][39m [90m[39m
[35m[HTTP][39m [37m-->[39m [37mGET[39m [37m/wd/hub/session/a82e7503-b0a2-4592-a2c6-392ec55e5796/window/rect[39m
[35m[HTTP][39m [90m{}[39m
[35m[HTTP][39m [37m<-- GET /wd/hub/session/a82e7503-b0a2-4592-a2c6-392ec55e5796/window/rect [39m[32m200[39m [90m21 ms - 50[39m
[35m[HTTP][39m [90m[39m
[35m[HTTP][39m [37m-->[39m [37mPOST[39m [37m/wd/hub/session/a82e7503-b0a2-4592-a2c6-392ec55e5796/elements[39m
[35m[HTTP][39m [90m{"using":"xpath","value":"//*[@class = 'android.widget.TextView' and (@text = 'Bills' or . = 'Bills') and @resource-id = 'my.com.time.selfcare.app:id/tvBills']"}[39m
[35m[HTTP][39m [37m<-- POST /wd/hub/session/a82e7503-b0a2-4592-a2c6-392ec55e5796/elements [39m[32m200[39m [90m162 ms - 139[39m
[35m[HTTP][39m [90m[39m
[35m[HTTP][39m [37m-->[39m [37mGET[39m [37m/wd/hub/session/a82e7503-b0a2-4592-a2c6-392ec55e5796/element/36effa52-8db5-4e5f-b11b-20094251a3f8/location[39m
[35m[HTTP][39m [90m{}[39m
[35m[W3C (a82e7503)][39m Driver proxy active, passing request on via HTTP proxy
[35m[WD Proxy][39m Replacing sessionId 231e0936-2a61-47b5-af59-72b35659eb90 with a82e7503-b0a2-4592-a2c6-392ec55e5796
[35m[HTTP][39m [37m<-- GET /wd/hub/session/a82e7503-b0a2-4592-a2c6-392ec55e5796/element/36effa52-8db5-4e5f-b11b-20094251a3f8/location [39m[32m200[39m [90m30 ms - 79[39m
[35m[HTTP][39m [90m[39m
[35m[HTTP][39m [37m-->[39m [37mPOST[39m [37m/wd/hub/session/a82e7503-b0a2-4592-a2c6-392ec55e5796/element/36effa52-8db5-4e5f-b11b-20094251a3f8/click[39m
[35m[HTTP][39m [90m{"id":"36effa52-8db5-4e5f-b11b-20094251a3f8"}[39m
[35m[HTTP][39m [37m<-- POST /wd/hub/session/a82e7503-b0a2-4592-a2c6-392ec55e5796/element/36effa52-8db5-4e5f-b11b-20094251a3f8/click [39m[32m200[39m [90m669 ms - 14[39m
[35m[HTTP][39m [90m[39m
[35m[HTTP][39m [37m-->[39m [37mGET[39m [37m/wd/hub/session/a82e7503-b0a2-4592-a2c6-392ec55e5796/source[39m
[35m[HTTP][39m [90m{}[39m
[35m[W3C (a82e7503)][39m Driver proxy active, passing request on via HTTP proxy
[35m[WD Proxy][39m Replacing sessionId 231e0936-2a61-47b5-af59-72b35659eb90 with a82e7503-b0a2-4592-a2c6-392ec55e5796
[35m[HTTP][39m [37m<-- GET /wd/hub/session/a82e7503-b0a2-4592-a2c6-392ec55e5796/source [39m[32m200[39m [90m201 ms - 31332[39m
[35m[HTTP][39m [90m[39m
[35m[HTTP][39m [37m-->[39m [37mGET[39m [37m/wd/hub/session/a82e7503-b0a2-4592-a2c6-392ec55e5796/screenshot[39m
[35m[HTTP][39m [90m{}[39m
[35m[HTTP][39m [37m<-- GET /wd/hub/session/a82e7503-b0a2-4592-a2c6-392ec55e5796/screenshot [39m[32m200[39m [90m358 ms - 371146[39m
[35m[HTTP][39m [90m[39m
[35m[HTTP][39m [37m-->[39m [37mPOST[39m [37m/wd/hub/session/a82e7503-b0a2-4592-a2c6-392ec55e5796/elements[39m
[35m[HTTP][39m [90m{"using":"xpath","value":"//*[@class = 'android.widget.ImageView' and @resource-id = 'my.com.time.selfcare.app:id/ivBills' and (@text = '' or . = '')]"}[39m
[35m[HTTP][39m [37m<-- POST /wd/hub/session/a82e7503-b0a2-4592-a2c6-392ec55e5796/elements [39m[32m200[39m [90m164 ms - 139[39m
[35m[HTTP][39m [90m[39m
[35m[HTTP][39m [37m-->[39m [37mGET[39m [37m/wd/hub/session/a82e7503-b0a2-4592-a2c6-392ec55e5796/window/rect[39m
[35m[HTTP][39m [90m{}[39m
[35m[HTTP][39m [37m<-- GET /wd/hub/session/a82e7503-b0a2-4592-a2c6-392ec55e5796/window/rect [39m[32m200[39m [90m19 ms - 50[39m
[35m[HTTP][39m [90m[39m
[35m[HTTP][39m [37m-->[39m [37mPOST[39m [37m/wd/hub/session/a82e7503-b0a2-4592-a2c6-392ec55e5796/elements[39m
[35m[HTTP][39m [90m{"using":"xpath","value":"//*[@class = 'android.widget.ImageView' and @resource-id = 'my.com.time.selfcare.app:id/ivBills' and (@text = '' or . = '')]"}[39m
[35m[HTTP][39m [37m<-- POST /wd/hub/session/a82e7503-b0a2-4592-a2c6-392ec55e5796/elements [39m[32m200[39m [90m126 ms - 139[39m
[35m[HTTP][39m [90m[39m
[35m[HTTP][39m [37m-->[39m [37mGET[39m [37m/wd/hub/session/a82e7503-b0a2-4592-a2c6-392ec55e5796/element/c222f203-95a6-452c-90fd-967f4f16e743/location[39m
[35m[HTTP][39m [90m{}[39m
[35m[W3C (a82e7503)][39m Driver proxy active, passing request on via HTTP proxy
[35m[WD Proxy][39m Replacing sessionId 231e0936-2a61-47b5-af59-72b35659eb90 with a82e7503-b0a2-4592-a2c6-392ec55e5796
[35m[HTTP][39m [37m<-- GET /wd/hub/session/a82e7503-b0a2-4592-a2c6-392ec55e5796/element/c222f203-95a6-452c-90fd-967f4f16e743/location [39m[32m200[39m [90m32 ms - 79[39m
[35m[HTTP][39m [90m[39m
[35m[HTTP][39m [37m-->[39m [37mPOST[39m [37m/wd/hub/session/a82e7503-b0a2-4592-a2c6-392ec55e5796/element/c222f203-95a6-452c-90fd-967f4f16e743/click[39m
[35m[HTTP][39m [90m{"id":"c222f203-95a6-452c-90fd-967f4f16e743"}[39m
[35m[HTTP][39m [37m<-- POST /wd/hub/session/a82e7503-b0a2-4592-a2c6-392ec55e5796/element/c222f203-95a6-452c-90fd-967f4f16e743/click [39m[32m200[39m [90m103 ms - 14[39m
[35m[HTTP][39m [90m[39m
[35m[HTTP][39m [37m-->[39m [37mGET[39m [37m/wd/hub/session/a82e7503-b0a2-4592-a2c6-392ec55e5796/source[39m
[35m[HTTP][39m [90m{}[39m
[35m[W3C (a82e7503)][39m Driver proxy active, passing request on via HTTP proxy
[35m[WD Proxy][39m Replacing sessionId 231e0936-2a61-47b5-af59-72b35659eb90 with a82e7503-b0a2-4592-a2c6-392ec55e5796
[35m[HTTP][39m [37m<-- GET /wd/hub/session/a82e7503-b0a2-4592-a2c6-392ec55e5796/source [39m[32m200[39m [90m997 ms - 34686[39m
[35m[HTTP][39m [90m[39m
[35m[HTTP][39m [37m-->[39m [37mGET[39m [37m/wd/hub/session/a82e7503-b0a2-4592-a2c6-392ec55e5796/screenshot[39m
[35m[HTTP][39m [90m{}[39m
[35m[HTTP][39m [37m<-- GET /wd/hub/session/a82e7503-b0a2-4592-a2c6-392ec55e5796/screenshot [39m[32m200[39m [90m320 ms - 185354[39m
[35m[HTTP][39m [90m[39m
[35m[HTTP][39m [37m-->[39m [37mGET[39m [37m/wd/hub/session/a82e7503-b0a2-4592-a2c6-392ec55e5796/screenshot[39m
[35m[HTTP][39m [90m{}[39m
[35m[HTTP][39m [37m<-- GET /wd/hub/session/a82e7503-b0a2-4592-a2c6-392ec55e5796/screenshot [39m[32m200[39m [90m297 ms - 185354[39m
[35m[HTTP][39m [90m[39m
[35m[HTTP][39m [37m-->[39m [37mGET[39m [37m/wd/hub/session/a82e7503-b0a2-4592-a2c6-392ec55e5796/source[39m
[35m[HTTP][39m [90m{}[39m
[35m[W3C (a82e7503)][39m Driver proxy active, passing request on via HTTP proxy
[35m[WD Proxy][39m Replacing sessionId 231e0936-2a61-47b5-af59-72b35659eb90 with a82e7503-b0a2-4592-a2c6-392ec55e5796
[35m[HTTP][39m [37m<-- GET /wd/hub/session/a82e7503-b0a2-4592-a2c6-392ec55e5796/source [39m[32m200[39m [90m222 ms - 34686[39m
[35m[HTTP][39m [90m[39m
[35m[HTTP][39m [37m-->[39m [37mGET[39m [37m/wd/hub/session/a82e7503-b0a2-4592-a2c6-392ec55e5796/screenshot[39m
[35m[HTTP][39m [90m{}[39m
[35m[HTTP][39m [37m<-- GET /wd/hub/session/a82e7503-b0a2-4592-a2c6-392ec55e5796/screenshot [39m[32m200[39m [90m291 ms - 185354[39m
[35m[HTTP][39m [90m[39m
[35m[HTTP][39m [37m-->[39m [37mPOST[39m [37m/wd/hub/session/a82e7503-b0a2-4592-a2c6-392ec55e5796/elements[39m
[35m[HTTP][39m [90m{"using":"xpath","value":"//*[@class = 'android.widget.TextView' and (@text = 'PAY NOW' or . = 'PAY NOW') and @resource-id = 'my.com.time.selfcare.app:id/invoiceStatusTextView']"}[39m
[35m[HTTP][39m [37m<-- POST /wd/hub/session/a82e7503-b0a2-4592-a2c6-392ec55e5796/elements [39m[32m200[39m [90m177 ms - 139[39m
[35m[HTTP][39m [90m[39m
[35m[HTTP][39m [37m-->[39m [37mGET[39m [37m/wd/hub/session/a82e7503-b0a2-4592-a2c6-392ec55e5796/window/rect[39m
[35m[HTTP][39m [90m{}[39m
[35m[HTTP][39m [37m<-- GET /wd/hub/session/a82e7503-b0a2-4592-a2c6-392ec55e5796/window/rect [39m[32m200[39m [90m16 ms - 50[39m
[35m[HTTP][39m [90m[39m
[35m[HTTP][39m [37m-->[39m [37mPOST[39m [37m/wd/hub/session/a82e7503-b0a2-4592-a2c6-392ec55e5796/elements[39m
[35m[HTTP][39m [90m{"using":"xpath","value":"//*[@class = 'android.widget.TextView' and (@text = 'PAY NOW' or . = 'PAY NOW') and @resource-id = 'my.com.time.selfcare.app:id/invoiceStatusTextView']"}[39m
[35m[HTTP][39m [37m<-- POST /wd/hub/session/a82e7503-b0a2-4592-a2c6-392ec55e5796/elements [39m[32m200[39m [90m141 ms - 139[39m
[35m[HTTP][39m [90m[39m
[35m[HTTP][39m [37m-->[39m [37mGET[39m [37m/wd/hub/session/a82e7503-b0a2-4592-a2c6-392ec55e5796/element/d20d1edd-99c0-42a9-81d7-56f1f8724056/location[39m
[35m[HTTP][39m [90m{}[39m
[35m[W3C (a82e7503)][39m Driver proxy active, passing request on via HTTP proxy
[35m[WD Proxy][39m Replacing sessionId 231e0936-2a61-47b5-af59-72b35659eb90 with a82e7503-b0a2-4592-a2c6-392ec55e5796
[35m[HTTP][39m [37m<-- GET /wd/hub/session/a82e7503-b0a2-4592-a2c6-392ec55e5796/element/d20d1edd-99c0-42a9-81d7-56f1f8724056/location [39m[32m200[39m [90m28 ms - 78[39m
[35m[HTTP][39m [90m[39m
[35m[HTTP][39m [37m-->[39m [37mPOST[39m [37m/wd/hub/session/a82e7503-b0a2-4592-a2c6-392ec55e5796/element/d20d1edd-99c0-42a9-81d7-56f1f8724056/click[39m
[35m[HTTP][39m [90m{"id":"d20d1edd-99c0-42a9-81d7-56f1f8724056"}[39m
[35m[HTTP][39m [37m<-- POST /wd/hub/session/a82e7503-b0a2-4592-a2c6-392ec55e5796/element/d20d1edd-99c0-42a9-81d7-56f1f8724056/click [39m[32m200[39m [90m82 ms - 14[39m
[35m[HTTP][39m [90m[39m
[35m[HTTP][39m [37m-->[39m [37mGET[39m [37m/wd/hub/session/a82e7503-b0a2-4592-a2c6-392ec55e5796/source[39m
[35m[HTTP][39m [90m{}[39m
[35m[W3C (a82e7503)][39m Driver proxy active, passing request on via HTTP proxy
[35m[WD Proxy][39m Replacing sessionId 231e0936-2a61-47b5-af59-72b35659eb90 with a82e7503-b0a2-4592-a2c6-392ec55e5796
[35m[HTTP][39m [37m<-- GET /wd/hub/session/a82e7503-b0a2-4592-a2c6-392ec55e5796/source [39m[32m200[39m [90m165 ms - 36034[39m
[35m[HTTP][39m [90m[39m
[35m[HTTP][39m [37m-->[39m [37mGET[39m [37m/wd/hub/session/a82e7503-b0a2-4592-a2c6-392ec55e5796/screenshot[39m
[35m[HTTP][39m [90m{}[39m
[35m[HTTP][39m [37m<-- GET /wd/hub/session/a82e7503-b0a2-4592-a2c6-392ec55e5796/screenshot [39m[32m200[39m [90m244 ms - 72598[39m
[35m[HTTP][39m [90m[39m
[35m[HTTP][39m [37m-->[39m [37mGET[39m [37m/wd/hub/session/a82e7503-b0a2-4592-a2c6-392ec55e5796/source[39m
[35m[HTTP][39m [90m{}[39m
[35m[W3C (a82e7503)][39m Driver proxy active, passing request on via HTTP proxy
[35m[WD Proxy][39m Replacing sessionId 231e0936-2a61-47b5-af59-72b35659eb90 with a82e7503-b0a2-4592-a2c6-392ec55e5796
[35m[HTTP][39m [37m<-- GET /wd/hub/session/a82e7503-b0a2-4592-a2c6-392ec55e5796/source [39m[32m200[39m [90m258 ms - 37371[39m
[35m[HTTP][39m [90m[39m
[35m[HTTP][39m [37m-->[39m [37mGET[39m [37m/wd/hub/session/a82e7503-b0a2-4592-a2c6-392ec55e5796/screenshot[39m
[35m[HTTP][39m [90m{}[39m
[35m[HTTP][39m [37m<-- GET /wd/hub/session/a82e7503-b0a2-4592-a2c6-392ec55e5796/screenshot [39m[32m200[39m [90m354 ms - 626994[39m
[35m[HTTP][39m [90m[39m
[35m[HTTP][39m [37m-->[39m [37mGET[39m [37m/wd/hub/session/a82e7503-b0a2-4592-a2c6-392ec55e5796/screenshot[39m
[35m[HTTP][39m [90m{}[39m
[35m[HTTP][39m [37m<-- GET /wd/hub/session/a82e7503-b0a2-4592-a2c6-392ec55e5796/screenshot [39m[32m200[39m [90m353 ms - 626994[39m
[35m[HTTP][39m [90m[39m
[35m[HTTP][39m [37m-->[39m [37mGET[39m [37m/wd/hub/session/a82e7503-b0a2-4592-a2c6-392ec55e5796/source[39m
[35m[HTTP][39m [90m{}[39m
[35m[W3C (a82e7503)][39m Driver proxy active, passing request on via HTTP proxy
[35m[WD Proxy][39m Replacing sessionId 231e0936-2a61-47b5-af59-72b35659eb90 with a82e7503-b0a2-4592-a2c6-392ec55e5796
[35m[HTTP][39m [37m<-- GET /wd/hub/session/a82e7503-b0a2-4592-a2c6-392ec55e5796/source [39m[32m200[39m [90m212 ms - 37371[39m
[35m[HTTP][39m [90m[39m
[35m[HTTP][39m [37m-->[39m [37mGET[39m [37m/wd/hub/session/a82e7503-b0a2-4592-a2c6-392ec55e5796/screenshot[39m
[35m[HTTP][39m [90m{}[39m
[35m[HTTP][39m [37m<-- GET /wd/hub/session/a82e7503-b0a2-4592-a2c6-392ec55e5796/screenshot [39m[32m200[39m [90m374 ms - 626994[39m
[35m[HTTP][39m [90m[39m
[35m[HTTP][39m [37m-->[39m [37mDELETE[39m [37m/wd/hub/session/a82e7503-b0a2-4592-a2c6-392ec55e5796[39m
[35m[HTTP][39m [90m{}[39m
[35m[Appium][39m Removing session a82e7503-b0a2-4592-a2c6-392ec55e5796 from our master session list
[35m[UiAutomator2][39m Restoring hidden api policy to the device default configuration
[35m[HTTP][39m [37m<-- DELETE /wd/hub/session/a82e7503-b0a2-4592-a2c6-392ec55e5796 [39m[32m200[39m [90m341 ms - 14[39m
[35m[HTTP][39m [90m[39m
